  源.cpp
D:\Code\Algorithm\MapProjection\源.cpp(307,13): error C2065: “max_int”: 未声明的标识符
D:\Code\Algorithm\MapProjection\源.cpp(333,15): error C2131: 表达式的计算结果不是常数
D:\Code\Algorithm\MapProjection\源.cpp(333,14): message : 因读取超过生命周期的变量而失败
D:\Code\Algorithm\MapProjection\源.cpp(333,14): message : 请参见“g”的用法
D:\Code\Algorithm\MapProjection\源.cpp(334,16): error C2131: 表达式的计算结果不是常数
D:\Code\Algorithm\MapProjection\源.cpp(334,15): message : 因读取超过生命周期的变量而失败
D:\Code\Algorithm\MapProjection\源.cpp(334,15): message : 请参见“g”的用法
D:\Code\Algorithm\MapProjection\源.cpp(335,15): error C2131: 表达式的计算结果不是常数
D:\Code\Algorithm\MapProjection\源.cpp(335,14): message : 因读取超过生命周期的变量而失败
D:\Code\Algorithm\MapProjection\源.cpp(335,14): message : 请参见“g”的用法
D:\Code\Algorithm\MapProjection\源.cpp(336,12): error C2131: 表达式的计算结果不是常数
D:\Code\Algorithm\MapProjection\源.cpp(336,11): message : 因读取超过生命周期的变量而失败
D:\Code\Algorithm\MapProjection\源.cpp(336,11): message : 请参见“g”的用法
D:\Code\Algorithm\MapProjection\源.cpp(338,14): error C3863: 不可指定数组类型“int [g->8<L_ALIGN>0]”
D:\Code\Algorithm\MapProjection\源.cpp(339,15): error C3863: 不可指定数组类型“int [g->8<L_ALIGN>0]”
D:\Code\Algorithm\MapProjection\源.cpp(340,14): error C3863: 不可指定数组类型“int [g->8<L_ALIGN>0]”
D:\Code\Algorithm\MapProjection\源.cpp(341,11): error C3863: 不可指定数组类型“int [g->8<L_ALIGN>0]”
D:\Code\Algorithm\MapProjection\源.cpp(346,10): error C3863: 不可指定数组类型“int [g->8<L_ALIGN>0]”
D:\Code\Algorithm\MapProjection\源.cpp(348,11): error C3863: 不可指定数组类型“int [g->8<L_ALIGN>0]”
D:\Code\Algorithm\MapProjection\源.cpp(357,10): warning C4477: “printf”: 格式字符串“%d”需要类型“int”的参数，但可变参数 1 拥有了类型“int [g->8<L_ALIGN>0]”
D:\Code\Algorithm\MapProjection\源.cpp(357,10): warning C4313: "printf": 格式字符串中的 "%d" 与类型为 "int [g->8<L_ALIGN>0]" 的参数 1 冲突
D:\Code\Algorithm\MapProjection\源.cpp(361,12): warning C4477: “printf”: 格式字符串“%d”需要类型“int”的参数，但可变参数 1 拥有了类型“int [g->8<L_ALIGN>0]”
D:\Code\Algorithm\MapProjection\源.cpp(361,12): warning C4313: "printf": 格式字符串中的 "%d" 与类型为 "int [g->8<L_ALIGN>0]" 的参数 1 冲突
  源1.cpp
D:\Code\Algorithm\MapProjection\源1.cpp(15,25): warning C4307: “-”: 有符号整型常量溢出
D:\Code\Algorithm\MapProjection\源1.cpp(345,18): error C2131: 表达式的计算结果不是常数
D:\Code\Algorithm\MapProjection\源1.cpp(345,17): message : 因读取超过生命周期的变量而失败
D:\Code\Algorithm\MapProjection\源1.cpp(345,17): message : 请参见“g”的用法
D:\Code\Algorithm\MapProjection\源1.cpp(346,19): error C2131: 表达式的计算结果不是常数
D:\Code\Algorithm\MapProjection\源1.cpp(346,18): message : 因读取超过生命周期的变量而失败
D:\Code\Algorithm\MapProjection\源1.cpp(346,18): message : 请参见“g”的用法
D:\Code\Algorithm\MapProjection\源1.cpp(347,18): error C2131: 表达式的计算结果不是常数
D:\Code\Algorithm\MapProjection\源1.cpp(347,17): message : 因读取超过生命周期的变量而失败
D:\Code\Algorithm\MapProjection\源1.cpp(347,17): message : 请参见“g”的用法
D:\Code\Algorithm\MapProjection\源1.cpp(348,15): error C2131: 表达式的计算结果不是常数
D:\Code\Algorithm\MapProjection\源1.cpp(348,14): message : 因读取超过生命周期的变量而失败
D:\Code\Algorithm\MapProjection\源1.cpp(348,14): message : 请参见“g”的用法
D:\Code\Algorithm\MapProjection\源1.cpp(350,20): error C3863: 不可指定数组类型“int [g->8<L_ALIGN>0]”
D:\Code\Algorithm\MapProjection\源1.cpp(351,21): error C3863: 不可指定数组类型“int [g->8<L_ALIGN>0]”
D:\Code\Algorithm\MapProjection\源1.cpp(352,20): error C3863: 不可指定数组类型“int [g->8<L_ALIGN>0]”
D:\Code\Algorithm\MapProjection\源1.cpp(353,17): error C3863: 不可指定数组类型“int [g->8<L_ALIGN>0]”
D:\Code\Algorithm\MapProjection\源1.cpp(358,13): error C3863: 不可指定数组类型“int [g->8<L_ALIGN>0]”
D:\Code\Algorithm\MapProjection\源1.cpp(360,17): error C3863: 不可指定数组类型“int [g->8<L_ALIGN>0]”
D:\Code\Algorithm\MapProjection\源1.cpp(369,16): warning C4477: “printf”: 格式字符串“%d”需要类型“int”的参数，但可变参数 1 拥有了类型“int [g->8<L_ALIGN>0]”
D:\Code\Algorithm\MapProjection\源1.cpp(369,16): warning C4313: "printf": 格式字符串中的 "%d" 与类型为 "int [g->8<L_ALIGN>0]" 的参数 1 冲突
D:\Code\Algorithm\MapProjection\源1.cpp(373,24): warning C4477: “printf”: 格式字符串“%d”需要类型“int”的参数，但可变参数 1 拥有了类型“int [g->8<L_ALIGN>0]”
D:\Code\Algorithm\MapProjection\源1.cpp(373,24): warning C4313: "printf": 格式字符串中的 "%d" 与类型为 "int [g->8<L_ALIGN>0]" 的参数 1 冲突
  正在生成代码...
